<?xml version="1.0" encoding="UTF-8"?>
<!-- Generated by org.testng.reporters.JUnitReportReporter -->
<testsuite hostname="sonujaiswal" failures="0" tests="1" name="Test_POST" time="5.009" errors="0" timestamp="2021-08-23T12:52:08 IST" skipped="0">
  <testcase classname="Test_POST" name="test_2_put" time="5.009"/>
  <system-out/>
</testsuite> <!-- Test_POST -->
