<?xml version="1.0" encoding="UTF-8"?>
<!-- Generated by org.testng.reporters.JUnitReportReporter -->
<testsuite hostname="sonujaiswal" failures="0" tests="2" name="Test01_GET" time="5.687" errors="0" timestamp="2021-08-22T20:33:38 IST" skipped="0">
  <testcase classname="Test01_GET" name="test_02" time="1.915"/>
  <system-out/>
  <testcase classname="Test01_GET" name="test_01" time="3.772"/>
  <system-out/>
</testsuite> <!-- Test01_GET -->
