<?xml version="1.0" encoding="UTF-8"?>
<!-- Generated by org.testng.reporters.JUnitReportReporter -->
<testsuite hostname="sonujaiswal" failures="0" tests="1" name="Test02_GET" time="5.844" errors="0" timestamp="2021-08-23T10:20:25 IST" skipped="0">
  <testcase classname="Test02_GET" name="test_1" time="5.844"/>
  <system-out/>
</testsuite> <!-- Test02_GET -->
