<?xml version="1.0" encoding="UTF-8"?>
<!-- Generated by org.testng.reporters.JUnitReportReporter -->
<testsuite hostname="sonujaiswal" failures="0" tests="2" name="DataDriven" time="6.234" errors="0" timestamp="2021-08-23T08:42:56 IST" skipped="0">
  <testcase classname="DataDriven" name="test_1_post" time="0.974"/>
  <system-out/>
  <testcase classname="DataDriven" name="test_1_post" time="5.260"/>
  <system-out/>
</testsuite> <!-- DataDriven -->
