<?xml version="1.0" encoding="UTF-8"?>
<!-- Generated by org.testng.reporters.JUnitReportReporter -->
<testsuite hostname="sonujaiswal" failures="0" tests="1" name="Test02_GET" time="6.705" errors="0" timestamp="2021-08-17T17:51:57 IST" skipped="0">
  <testcase classname="Test02_GET" name="test_1" time="6.705"/>
  <system-out/>
</testsuite> <!-- Test02_GET -->
