<?xml version="1.0" encoding="UTF-8"?>
<!-- Generated by org.testng.reporters.JUnitReportReporter -->
<testsuite hostname="sonujaiswal" failures="0" tests="3" name="Demo.Data_Provider" time="18.731" errors="0" timestamp="2021-08-25T17:28:50 IST" skipped="0">
  <testcase classname="Demo.Data_Provider" name="test" time="5.762"/>
  <system-out/>
  <testcase classname="Demo.Data_Provider" name="test" time="5.847"/>
  <system-out/>
  <testcase classname="Demo.Data_Provider" name="test" time="7.122"/>
  <system-out/>
</testsuite> <!-- Demo.Data_Provider -->
