<?xml version="1.0" encoding="UTF-8"?>
<!-- Generated by org.testng.reporters.JUnitReportReporter -->
<testsuite hostname="sonujaiswal" failures="0" tests="3" name="StepDefinitions.Assignment1_Negative_scenario" time="4.690" errors="0" timestamp="2021-08-26T15:09:30 IST" skipped="0">
  <testcase classname="StepDefinitions.Assignment1_Negative_scenario" name="print_the_response_into_console" time="0.012"/>
  <system-out/>
  <testcase classname="StepDefinitions.Assignment1_Negative_scenario" name="creative_a_negative_scenario" time="4.674"/>
  <system-out/>
  <testcase classname="StepDefinitions.Assignment1_Negative_scenario" name="set_https_request" time="0.004"/>
  <system-out/>
</testsuite> <!-- StepDefinitions.Assignment1_Negative_scenario -->
