<?xml version="1.0" encoding="UTF-8"?>
<!-- Generated by org.testng.reporters.JUnitReportReporter -->
<testsuite hostname="sonujaiswal" failures="0" tests="1" name="StepDefinitions.Future_date_scenario" time="4.112" errors="0" timestamp="2021-08-26T15:11:38 IST" skipped="0">
  <testcase classname="StepDefinitions.Future_date_scenario" name="to_get_time_date" time="4.112"/>
  <system-out/>
</testsuite> <!-- StepDefinitions.Future_date_scenario -->
