<?xml version="1.0" encoding="UTF-8"?>
<!-- Generated by org.testng.reporters.JUnitReportReporter -->
<testsuite hostname="sonujaiswal" failures="0" tests="1" name="StepDefinitions.Assert_validation_scenario" time="4.013" errors="0" timestamp="2021-08-26T15:10:48 IST" skipped="0">
  <testcase classname="StepDefinitions.Assert_validation_scenario" name="create_negative_assertion_scenario" time="4.013"/>
  <system-out/>
</testsuite> <!-- StepDefinitions.Assert_validation_scenario -->
