<?xml version="1.0" encoding="UTF-8"?>
<!-- Generated by org.testng.reporters.JUnitReportReporter -->
<testsuite hostname="sonujaiswal" failures="0" tests="2" name="StepDefinitions.Generate_Report" time="0.015" errors="0" timestamp="2021-08-27T13:00:31 IST" skipped="0">
  <testcase classname="StepDefinitions.Generate_Report" name="set_http_path" time="0.002"/>
  <system-out/>
  <testcase classname="StepDefinitions.Generate_Report" name="generate_the_report" time="0.013"/>
  <system-out/>
</testsuite> <!-- StepDefinitions.Generate_Report -->
